<?xml version="1.0" encoding="UTF-8"?>
<!-- Generated by org.testng.reporters.JUnitReportReporter -->
<testsuite hostname="DESKTOP-Q39NDVJ" failures="0" tests="1" name="Testng2.NewTest" time="12.493" errors="0" timestamp="24 Feb 2018 21:35:17 GMT">
  <testcase classname="Testng2.NewTest" name="f" time="12.493"/>
</testsuite> <!-- Testng2.NewTest -->
