<?xml version="1.0" encoding="UTF-8"?>
<!-- Generated by org.testng.reporters.JUnitReportReporter -->
<testsuite hostname="DESKTOP-Q39NDVJ" failures="0" tests="1" name="Package2.Class1" time="0.018" errors="0" timestamp="10 Mar 2018 10:50:10 GMT">
  <testcase classname="Package2.Class1" name="method1" time="0.018"/>
</testsuite> <!-- Package2.Class1 -->
