<?xml version="1.0" encoding="UTF-8"?>
<!-- Generated by org.testng.reporters.JUnitReportReporter -->
<testsuite hostname="DESKTOP-Q39NDVJ" failures="0" tests="1" name="com.project.maven.demo.DemoTest" time="22.831" errors="0" timestamp="28 Feb 2018 08:32:59 GMT" skipped="0">
  <testcase classname="com.project.maven.demo.DemoTest" name="f" time="22.831"/>
</testsuite> <!-- com.project.maven.demo.DemoTest -->
