<?xml version="1.0" encoding="UTF-8"?>
<!-- Generated by org.testng.reporters.JUnitReportReporter -->
<testsuite hostname="DESKTOP-Q39NDVJ" name="TestPackage.NewTest1" tests="1" failures="0" timestamp="17 Mar 2018 16:05:38 GMT" time="10.986" errors="0">
  <testcase name="f" time="10.986" classname="TestPackage.NewTest1"/>
</testsuite> <!-- TestPackage.NewTest1 -->
