<?xml version="1.0" encoding="UTF-8"?>
<!-- Generated by org.testng.reporters.JUnitReportReporter -->
<testsuite hostname="DESKTOP-Q39NDVJ" name="TestPackage.NewTest4" tests="1" failures="0" timestamp="17 Mar 2018 15:47:58 GMT" time="0.022" errors="0">
  <testcase name="f" time="0.022" classname="TestPackage.NewTest4"/>
</testsuite> <!-- TestPackage.NewTest4 -->
