<?xml version="1.0" encoding="UTF-8"?>
<!-- Generated by org.testng.reporters.JUnitReportReporter -->
<testsuite hostname="DESKTOP-Q39NDVJ" failures="0" tests="1" name="fdfdf.Demo" time="17.954" errors="0" timestamp="1 Mar 2018 07:37:28 GMT">
  <testcase classname="fdfdf.Demo" name="f" time="17.954"/>
</testsuite> <!-- fdfdf.Demo -->
