<?xml version="1.0" encoding="UTF-8"?>
<!-- Generated by org.testng.reporters.JUnitReportReporter -->
<testsuite skipped="0" hostname="DESKTOP-Q39NDVJ" name="Package1.Class1" tests="1" failures="0" timestamp="10 Mar 2018 17:40:37 GMT" time="0.015" errors="0">
  <testcase name="testOne" time="0.015" classname="Package1.Class1"/>
</testsuite> <!-- Package1.Class1 -->
