<?xml version="1.0" encoding="UTF-8"?>
<!-- Generated by org.testng.reporters.JUnitReportReporter -->
<testsuite hostname="DESKTOP-Q39NDVJ" name="com.company.project.testscripts.TestLogin" tests="1" failures="0" timestamp="14 Mar 2018 14:20:46 GMT" time="0.514" errors="0">
  <testcase name="dologins" time="0.514" classname="com.company.project.testscripts.TestLogin"/>
</testsuite> <!-- com.company.project.testscripts.TestLogin -->
