<?xml version="1.0" encoding="UTF-8"?>
<!-- Generated by org.testng.reporters.JUnitReportReporter -->
<testsuite hostname="DESKTOP-Q39NDVJ" name="Firefox.OpenFirefox" tests="1" failures="0" timestamp="17 Mar 2018 11:31:19 GMT" time="27.263" errors="0">
  <testcase name="ff" time="27.263" classname="Firefox.OpenFirefox"/>
</testsuite> <!-- Firefox.OpenFirefox -->
