<?xml version="1.0" encoding="UTF-8"?>
<!-- Generated by org.testng.reporters.JUnitReportReporter -->
<testsuite hostname="DESKTOP-Q39NDVJ" name="TestPackage.NewTest" tests="1" failures="0" timestamp="12 Mar 2018 06:38:30 GMT" time="0.064" errors="0">
  <testcase name="f" time="0.064" classname="TestPackage.NewTest"/>
</testsuite> <!-- TestPackage.NewTest -->
