<?xml version="1.0" encoding="UTF-8"?>
<!-- Generated by org.testng.reporters.JUnitReportReporter -->
<testsuite hostname="DESKTOP-Q39NDVJ" name="DataProviderTest.TestDataProvider" tests="1" failures="0" timestamp="21 Mar 2018 09:09:22 GMT" time="15.336" errors="0">
  <testcase name="windowhandling" time="15.336" classname="DataProviderTest.TestDataProvider"/>
</testsuite> <!-- DataProviderTest.TestDataProvider -->
