<?xml version="1.0" encoding="UTF-8"?>
<!-- Generated by org.testng.reporters.JUnitReportReporter -->
<testsuite skipped="0" hostname="DESKTOP-Q39NDVJ" name="Package1.Class4" tests="1" failures="0" timestamp="10 Mar 2018 17:15:51 GMT" time="0.016" errors="0">
  <testcase name="testFour" time="0.016" classname="Package1.Class4"/>
</testsuite> <!-- Package1.Class4 -->
