<?xml version="1.0" encoding="UTF-8"?>
<!-- Generated by org.testng.reporters.JUnitReportReporter -->
<testsuite skipped="0" hostname="DESKTOP-Q39NDVJ" name="Package1.Class2" tests="1" failures="0" timestamp="10 Mar 2018 17:15:35 GMT" time="0.014" errors="0">
  <testcase name="testTwo" time="0.014" classname="Package1.Class2"/>
</testsuite> <!-- Package1.Class2 -->
