<?xml version="1.0" encoding="UTF-8"?>
<!-- Generated by org.testng.reporters.JUnitReportReporter -->
<testsuite hostname="DESKTOP-Q39NDVJ" failures="0" tests="10" name="Day1.XlsReader2DataProvider" time="0.061" errors="0" timestamp="2 Mar 2018 14:21:07 GMT">
  <testcase classname="Day1.XlsReader2DataProvider" name="LoginDetails" time="0.016"/>
  <testcase classname="Day1.XlsReader2DataProvider" name="LoginDetails" time="0.015"/>
  <testcase classname="Day1.XlsReader2DataProvider" name="LoginDetails" time="0.016"/>
  <testcase classname="Day1.XlsReader2DataProvider" name="LoginDetails" time="0.000"/>
  <testcase classname="Day1.XlsReader2DataProvider" name="LoginDetails" time="0.014"/>
  <testcase classname="Day1.XlsReader2DataProvider" name="LoginDetails" time="0.000"/>
  <testcase classname="Day1.XlsReader2DataProvider" name="LoginDetails" time="0.000"/>
  <testcase classname="Day1.XlsReader2DataProvider" name="LoginDetails" time="0.000"/>
  <testcase classname="Day1.XlsReader2DataProvider" name="LoginDetails" time="0.000"/>
  <testcase classname="Day1.XlsReader2DataProvider" name="LoginDetails" time="0.000"/>
</testsuite> <!-- Day1.XlsReader2DataProvider -->
