<?xml version="1.0" encoding="UTF-8"?>
<!-- Generated by org.testng.reporters.JUnitReportReporter -->
<testsuite hostname="DESKTOP-Q39NDVJ" failures="0" tests="1" name="Config.drxl" time="0.890" errors="0" timestamp="4 Mar 2018 15:21:44 GMT">
  <testcase classname="Config.drxl" name="x" time="0.890"/>
</testsuite> <!-- Config.drxl -->
