<?xml version="1.0" encoding="UTF-8"?>
<!-- Generated by org.testng.reporters.JUnitReportReporter -->
<testsuite hostname="DESKTOP-Q39NDVJ" failures="0" tests="10" name="DataProviderPractice.NewTest" time="4.900" errors="0" timestamp="2 Mar 2018 23:11:31 GMT">
  <testcase classname="DataProviderPractice.NewTest" name="LoginDetails" time="0.391"/>
  <testcase classname="DataProviderPractice.NewTest" name="LoginDetails" time="0.453"/>
  <testcase classname="DataProviderPractice.NewTest" name="LoginDetails" time="0.584"/>
  <testcase classname="DataProviderPractice.NewTest" name="LoginDetails" time="0.328"/>
  <testcase classname="DataProviderPractice.NewTest" name="LoginDetails" time="0.406"/>
  <testcase classname="DataProviderPractice.NewTest" name="LoginDetails" time="0.354"/>
  <testcase classname="DataProviderPractice.NewTest" name="LoginDetails" time="0.427"/>
  <testcase classname="DataProviderPractice.NewTest" name="LoginDetails" time="1.041"/>
  <testcase classname="DataProviderPractice.NewTest" name="LoginDetails" time="0.416"/>
  <testcase classname="DataProviderPractice.NewTest" name="LoginDetails" time="0.500"/>
</testsuite> <!-- DataProviderPractice.NewTest -->
